# JRE version: OpenJDK Runtime Environment Temurin-21.0.6+7 (21.0.6+7) (build 21.0.6+7-LTS)
# Java VM: OpenJDK 64-Bit Server VM Temurin-21.0.6+7 (21.0.6+7-LTS, mixed mode, sharing, tiered, compressed oops, compressed class ptrs, parallel gc, windows-amd64)
GC Precious Log:
 CardTable entry size: 512
 CPUs: 4 total, 4 available
 Memory: 16264M
 Large Page Support: Disabled
 NUMA Support: Disabled
 Compressed Oops: Enabled (32-bit)
 Alignments: Space 512K, Generation 512K, Heap 2M
 Heap Min Capacity: 100M
 Heap Initial Capacity: 100M
 Heap Max Capacity: 1G
 Pre-touch: Disabled
 Parallel Workers: 4
Heap:
 PSYoungGen      total 7168K, used 3471K [0x00000000eab00000, 0x00000000eb380000, 0x0000000100000000)
  eden space 5632K, 38% used [0x00000000eab00000,0x00000000ead22f00,0x00000000eb080000)
  from space 1536K, 83% used [0x00000000eb080000,0x00000000eb1c0f80,0x00000000eb200000)
  to   space 1536K, 0% used [0x00000000eb200000,0x00000000eb200000,0x00000000eb380000)
 ParOldGen       total 235520K, used 235399K [0x00000000c0000000, 0x00000000ce600000, 0x00000000eab00000)
  object space 235520K, 99% used [0x00000000c0000000,0x00000000ce5e1d20,0x00000000ce600000)
 Metaspace       used 66313K, committed 67904K, reserved 1114112K
  class space    used 6740K, committed 7424K, reserved 1048576K
GC Heap History (20 events):
Event: 39.923 GC heap before
{Heap before GC invocations=375 (full 3):
 PSYoungGen      total 6144K, used 5792K [0x00000000eab00000, 0x00000000eb300000, 0x0000000100000000)
  eden space 5632K, 100% used [0x00000000eab00000,0x00000000eb080000,0x00000000eb080000)
  from space 512K, 31% used [0x00000000eb200000,0x00000000eb228000,0x00000000eb280000)
  to   space 512K, 0% used [0x00000000eb280000,0x00000000eb280000,0x00000000eb300000)
 ParOldGen       total 226816K, used 226565K [0x00000000c0000000, 0x00000000cdd80000, 0x00000000eab00000)
  object space 226816K, 99% used [0x00000000c0000000,0x00000000cdd415c0,0x00000000cdd80000)
 Metaspace       used 65895K, committed 67520K, reserved 1114112K
  class space    used 6714K, committed 7424K, reserved 1048576K
}
Event: 39.925 GC heap after
{Heap after GC invocations=375 (full 3):
 PSYoungGen      total 6144K, used 506K [0x00000000eab00000, 0x00000000eb300000, 0x0000000100000000)
  eden space 5632K, 0% used [0x00000000eab00000,0x00000000eab00000,0x00000000eb080000)
  from space 512K, 98% used [0x00000000eb280000,0x00000000eb2feb58,0x00000000eb300000)
  to   space 1024K, 0% used [0x00000000eb100000,0x00000000eb100000,0x00000000eb200000)
 ParOldGen       total 226816K, used 226814K [0x00000000c0000000, 0x00000000cdd80000, 0x00000000eab00000)
  object space 226816K, 99% used [0x00000000c0000000,0x00000000cdd7fb20,0x00000000cdd80000)
 Metaspace       used 65895K, committed 67520K, reserved 1114112K
  class space    used 6714K, committed 7424K, reserved 1048576K
}
Event: 39.971 GC heap before
{Heap before GC invocations=376 (full 3):
 PSYoungGen      total 6144K, used 6138K [0x00000000eab00000, 0x00000000eb300000, 0x0000000100000000)
  eden space 5632K, 100% used [0x00000000eab00000,0x00000000eb080000,0x00000000eb080000)
  from space 512K, 98% used [0x00000000eb280000,0x00000000eb2feb58,0x00000000eb300000)
  to   space 1024K, 0% used [0x00000000eb100000,0x00000000eb100000,0x00000000eb200000)
 ParOldGen       total 226816K, used 226814K [0x00000000c0000000, 0x00000000cdd80000, 0x00000000eab00000)
  object space 226816K, 99% used [0x00000000c0000000,0x00000000cdd7fb20,0x00000000cdd80000)
 Metaspace       used 65895K, committed 67520K, reserved 1114112K
  class space    used 6714K, committed 7424K, reserved 1048576K
}
Event: 39.974 GC heap after
{Heap after GC invocations=376 (full 3):
 PSYoungGen      total 6656K, used 1019K [0x00000000eab00000, 0x00000000eb480000, 0x0000000100000000)
  eden space 5632K, 0% used [0x00000000eab00000,0x00000000eab00000,0x00000000eb080000)
  from space 1024K, 99% used [0x00000000eb100000,0x00000000eb1fef48,0x00000000eb200000)
  to   space 2048K, 0% used [0x00000000eb280000,0x00000000eb280000,0x00000000eb480000)
 ParOldGen       total 227840K, used 227606K [0x00000000c0000000, 0x00000000cde80000, 0x00000000eab00000)
  object space 227840K, 99% used [0x00000000c0000000,0x00000000cde45ba8,0x00000000cde80000)
 Metaspace       used 65895K, committed 67520K, reserved 1114112K
  class space    used 6714K, committed 7424K, reserved 1048576K
}
Event: 40.060 GC heap before
{Heap before GC invocations=377 (full 3):
 PSYoungGen      total 6656K, used 6651K [0x00000000eab00000, 0x00000000eb480000, 0x0000000100000000)
  eden space 5632K, 100% used [0x00000000eab00000,0x00000000eb080000,0x00000000eb080000)
  from space 1024K, 99% used [0x00000000eb100000,0x00000000eb1fef48,0x00000000eb200000)
  to   space 2048K, 0% used [0x00000000eb280000,0x00000000eb280000,0x00000000eb480000)
 ParOldGen       total 227840K, used 227606K [0x00000000c0000000, 0x00000000cde80000, 0x00000000eab00000)
  object space 227840K, 99% used [0x00000000c0000000,0x00000000cde45ba8,0x00000000cde80000)
 Metaspace       used 65905K, committed 67520K, reserved 1114112K
  class space    used 6716K, committed 7424K, reserved 1048576K
}
Event: 40.063 GC heap after
{Heap after GC invocations=377 (full 3):
 PSYoungGen      total 6144K, used 192K [0x00000000eab00000, 0x00000000eb300000, 0x0000000100000000)
  eden space 5632K, 0% used [0x00000000eab00000,0x00000000eab00000,0x00000000eb080000)
  from space 512K, 37% used [0x00000000eb280000,0x00000000eb2b0000,0x00000000eb300000)
  to   space 1024K, 0% used [0x00000000eb100000,0x00000000eb100000,0x00000000eb200000)
 ParOldGen       total 228864K, used 228658K [0x00000000c0000000, 0x00000000cdf80000, 0x00000000eab00000)
  object space 228864K, 99% used [0x00000000c0000000,0x00000000cdf4c860,0x00000000cdf80000)
 Metaspace       used 65905K, committed 67520K, reserved 1114112K
  class space    used 6716K, committed 7424K, reserved 1048576K
}
Event: 40.182 GC heap before
{Heap before GC invocations=378 (full 3):
 PSYoungGen      total 6144K, used 5824K [0x00000000eab00000, 0x00000000eb300000, 0x0000000100000000)
  eden space 5632K, 100% used [0x00000000eab00000,0x00000000eb080000,0x00000000eb080000)
  from space 512K, 37% used [0x00000000eb280000,0x00000000eb2b0000,0x00000000eb300000)
  to   space 1024K, 0% used [0x00000000eb100000,0x00000000eb100000,0x00000000eb200000)
 ParOldGen       total 228864K, used 228658K [0x00000000c0000000, 0x00000000cdf80000, 0x00000000eab00000)
  object space 228864K, 99% used [0x00000000c0000000,0x00000000cdf4c860,0x00000000cdf80000)
 Metaspace       used 65914K, committed 67520K, reserved 1114112K
  class space    used 6717K, committed 7424K, reserved 1048576K
}
Event: 40.184 GC heap after
{Heap after GC invocations=378 (full 3):
 PSYoungGen      total 6656K, used 1005K [0x00000000eab00000, 0x00000000eb380000, 0x0000000100000000)
  eden space 5632K, 0% used [0x00000000eab00000,0x00000000eab00000,0x00000000eb080000)
  from space 1024K, 98% used [0x00000000eb100000,0x00000000eb1fb668,0x00000000eb200000)
  to   space 1536K, 0% used [0x00000000eb200000,0x00000000eb200000,0x00000000eb380000)
 ParOldGen       total 229376K, used 228946K [0x00000000c0000000, 0x00000000ce000000, 0x00000000eab00000)
  object space 229376K, 99% used [0x00000000c0000000,0x00000000cdf94ab8,0x00000000ce000000)
 Metaspace       used 65914K, committed 67520K, reserved 1114112K
  class space    used 6717K, committed 7424K, reserved 1048576K
}
Event: 40.221 GC heap before
{Heap before GC invocations=379 (full 3):
 PSYoungGen      total 6656K, used 6637K [0x00000000eab00000, 0x00000000eb380000, 0x0000000100000000)
  eden space 5632K, 100% used [0x00000000eab00000,0x00000000eb080000,0x00000000eb080000)
  from space 1024K, 98% used [0x00000000eb100000,0x00000000eb1fb668,0x00000000eb200000)
  to   space 1536K, 0% used [0x00000000eb200000,0x00000000eb200000,0x00000000eb380000)
 ParOldGen       total 229376K, used 228946K [0x00000000c0000000, 0x00000000ce000000, 0x00000000eab00000)
  object space 229376K, 99% used [0x00000000c0000000,0x00000000cdf94ab8,0x00000000ce000000)
 Metaspace       used 65922K, committed 67520K, reserved 1114112K
  class space    used 6719K, committed 7424K, reserved 1048576K
}
Event: 40.226 GC heap after
{Heap after GC invocations=379 (full 3):
 PSYoungGen      total 7168K, used 1077K [0x00000000eab00000, 0x00000000eb380000, 0x0000000100000000)
  eden space 5632K, 0% used [0x00000000eab00000,0x00000000eab00000,0x00000000eb080000)
  from space 1536K, 70% used [0x00000000eb200000,0x00000000eb30d460,0x00000000eb380000)
  to   space 1536K, 0% used [0x00000000eb080000,0x00000000eb080000,0x00000000eb200000)
 ParOldGen       total 230400K, used 229949K [0x00000000c0000000, 0x00000000ce100000, 0x00000000eab00000)
  object space 230400K, 99% used [0x00000000c0000000,0x00000000ce08f6a0,0x00000000ce100000)
 Metaspace       used 65922K, committed 67520K, reserved 1114112K
  class space    used 6719K, committed 7424K, reserved 1048576K
}
Event: 40.420 GC heap before
{Heap before GC invocations=380 (full 3):
 PSYoungGen      total 7168K, used 6709K [0x00000000eab00000, 0x00000000eb380000, 0x0000000100000000)
  eden space 5632K, 100% used [0x00000000eab00000,0x00000000eb080000,0x00000000eb080000)
  from space 1536K, 70% used [0x00000000eb200000,0x00000000eb30d460,0x00000000eb380000)
  to   space 1536K, 0% used [0x00000000eb080000,0x00000000eb080000,0x00000000eb200000)
 ParOldGen       total 230400K, used 229949K [0x00000000c0000000, 0x00000000ce100000, 0x00000000eab00000)
  object space 230400K, 99% used [0x00000000c0000000,0x00000000ce08f6a0,0x00000000ce100000)
 Metaspace       used 65966K, committed 67584K, reserved 1114112K
  class space    used 6728K, committed 7424K, reserved 1048576K
}
Event: 40.424 GC heap after
{Heap after GC invocations=380 (full 3):
 PSYoungGen      total 7168K, used 1215K [0x00000000eab00000, 0x00000000eb380000, 0x0000000100000000)
  eden space 5632K, 0% used [0x00000000eab00000,0x00000000eab00000,0x00000000eb080000)
  from space 1536K, 79% used [0x00000000eb080000,0x00000000eb1aff48,0x00000000eb200000)
  to   space 1536K, 0% used [0x00000000eb200000,0x00000000eb200000,0x00000000eb380000)
 ParOldGen       total 231424K, used 230949K [0x00000000c0000000, 0x00000000ce200000, 0x00000000eab00000)
  object space 231424K, 99% used [0x00000000c0000000,0x00000000ce1895f0,0x00000000ce200000)
 Metaspace       used 65966K, committed 67584K, reserved 1114112K
  class space    used 6728K, committed 7424K, reserved 1048576K
}
Event: 40.505 GC heap before
{Heap before GC invocations=381 (full 3):
 PSYoungGen      total 7168K, used 6847K [0x00000000eab00000, 0x00000000eb380000, 0x0000000100000000)
  eden space 5632K, 100% used [0x00000000eab00000,0x00000000eb080000,0x00000000eb080000)
  from space 1536K, 79% used [0x00000000eb080000,0x00000000eb1aff48,0x00000000eb200000)
  to   space 1536K, 0% used [0x00000000eb200000,0x00000000eb200000,0x00000000eb380000)
 ParOldGen       total 231424K, used 230949K [0x00000000c0000000, 0x00000000ce200000, 0x00000000eab00000)
  object space 231424K, 99% used [0x00000000c0000000,0x00000000ce1895f0,0x00000000ce200000)
 Metaspace       used 66001K, committed 67584K, reserved 1114112K
  class space    used 6730K, committed 7424K, reserved 1048576K
}
Event: 40.510 GC heap after
{Heap after GC invocations=381 (full 3):
 PSYoungGen      total 7168K, used 1288K [0x00000000eab00000, 0x00000000eb380000, 0x0000000100000000)
  eden space 5632K, 0% used [0x00000000eab00000,0x00000000eab00000,0x00000000eb080000)
  from space 1536K, 83% used [0x00000000eb200000,0x00000000eb3423f0,0x00000000eb380000)
  to   space 1536K, 0% used [0x00000000eb080000,0x00000000eb080000,0x00000000eb200000)
 ParOldGen       total 232448K, used 232050K [0x00000000c0000000, 0x00000000ce300000, 0x00000000eab00000)
  object space 232448K, 99% used [0x00000000c0000000,0x00000000ce29c828,0x00000000ce300000)
 Metaspace       used 66001K, committed 67584K, reserved 1114112K
  class space    used 6730K, committed 7424K, reserved 1048576K
}
Event: 41.241 GC heap before
{Heap before GC invocations=382 (full 3):
 PSYoungGen      total 7168K, used 6920K [0x00000000eab00000, 0x00000000eb380000, 0x0000000100000000)
  eden space 5632K, 100% used [0x00000000eab00000,0x00000000eb080000,0x00000000eb080000)
  from space 1536K, 83% used [0x00000000eb200000,0x00000000eb3423f0,0x00000000eb380000)
  to   space 1536K, 0% used [0x00000000eb080000,0x00000000eb080000,0x00000000eb200000)
 ParOldGen       total 232448K, used 232050K [0x00000000c0000000, 0x00000000ce300000, 0x00000000eab00000)
  object space 232448K, 99% used [0x00000000c0000000,0x00000000ce29c828,0x00000000ce300000)
 Metaspace       used 66056K, committed 67648K, reserved 1114112K
  class space    used 6737K, committed 7424K, reserved 1048576K
}
Event: 41.251 GC heap after
{Heap after GC invocations=382 (full 3):
 PSYoungGen      total 7168K, used 1050K [0x00000000eab00000, 0x00000000eb380000, 0x0000000100000000)
  eden space 5632K, 0% used [0x00000000eab00000,0x00000000eab00000,0x00000000eb080000)
  from space 1536K, 68% used [0x00000000eb080000,0x00000000eb186b08,0x00000000eb200000)
  to   space 1536K, 0% used [0x00000000eb200000,0x00000000eb200000,0x00000000eb380000)
 ParOldGen       total 233472K, used 233266K [0x00000000c0000000, 0x00000000ce400000, 0x00000000eab00000)
  object space 233472K, 99% used [0x00000000c0000000,0x00000000ce3ccad8,0x00000000ce400000)
 Metaspace       used 66056K, committed 67648K, reserved 1114112K
  class space    used 6737K, committed 7424K, reserved 1048576K
}
Event: 41.774 GC heap before
{Heap before GC invocations=383 (full 3):
 PSYoungGen      total 7168K, used 6682K [0x00000000eab00000, 0x00000000eb380000, 0x0000000100000000)
  eden space 5632K, 100% used [0x00000000eab00000,0x00000000eb080000,0x00000000eb080000)
  from space 1536K, 68% used [0x00000000eb080000,0x00000000eb186b08,0x00000000eb200000)
  to   space 1536K, 0% used [0x00000000eb200000,0x00000000eb200000,0x00000000eb380000)
 ParOldGen       total 233472K, used 233272K [0x00000000c0000000, 0x00000000ce400000, 0x00000000eab00000)
  object space 233472K, 99% used [0x00000000c0000000,0x00000000ce3ce048,0x00000000ce400000)
 Metaspace       used 66119K, committed 67712K, reserved 1114112K
  class space    used 6737K, committed 7424K, reserved 1048576K
}
Event: 41.778 GC heap after
{Heap after GC invocations=383 (full 3):
 PSYoungGen      total 7168K, used 1410K [0x00000000eab00000, 0x00000000eb380000, 0x0000000100000000)
  eden space 5632K, 0% used [0x00000000eab00000,0x00000000eab00000,0x00000000eb080000)
  from space 1536K, 91% used [0x00000000eb200000,0x00000000eb360a28,0x00000000eb380000)
  to   space 1536K, 0% used [0x00000000eb080000,0x00000000eb080000,0x00000000eb200000)
 ParOldGen       total 234496K, used 234249K [0x00000000c0000000, 0x00000000ce500000, 0x00000000eab00000)
  object space 234496K, 99% used [0x00000000c0000000,0x00000000ce4c27b0,0x00000000ce500000)
 Metaspace       used 66119K, committed 67712K, reserved 1114112K
  class space    used 6737K, committed 7424K, reserved 1048576K
}
Event: 41.827 GC heap before
{Heap before GC invocations=384 (full 3):
 PSYoungGen      total 7168K, used 7042K [0x00000000eab00000, 0x00000000eb380000, 0x0000000100000000)
  eden space 5632K, 100% used [0x00000000eab00000,0x00000000eb080000,0x00000000eb080000)
  from space 1536K, 91% used [0x00000000eb200000,0x00000000eb360a28,0x00000000eb380000)
  to   space 1536K, 0% used [0x00000000eb080000,0x00000000eb080000,0x00000000eb200000)
 ParOldGen       total 234496K, used 234249K [0x00000000c0000000, 0x00000000ce500000, 0x00000000eab00000)
  object space 234496K, 99% used [0x00000000c0000000,0x00000000ce4c27b0,0x00000000ce500000)
 Metaspace       used 66154K, committed 67712K, reserved 1114112K
  class space    used 6737K, committed 7424K, reserved 1048576K
}
Event: 41.832 GC heap after
{Heap after GC invocations=384 (full 3):
 PSYoungGen      total 7168K, used 1283K [0x00000000eab00000, 0x00000000eb380000, 0x0000000100000000)
  eden space 5632K, 0% used [0x00000000eab00000,0x00000000eab00000,0x00000000eb080000)
  from space 1536K, 83% used [0x00000000eb080000,0x00000000eb1c0f80,0x00000000eb200000)
  to   space 1536K, 0% used [0x00000000eb200000,0x00000000eb200000,0x00000000eb380000)
 ParOldGen       total 235520K, used 235399K [0x00000000c0000000, 0x00000000ce600000, 0x00000000eab00000)
  object space 235520K, 99% used [0x00000000c0000000,0x00000000ce5e1d20,0x00000000ce600000)
 Metaspace       used 66154K, committed 67712K, reserved 1114112K
  class space    used 6737K, committed 7424K, reserved 1048576K
}

