# JRE version: OpenJDK Runtime Environment Temurin-21.0.6+7 (21.0.6+7) (build 21.0.6+7-LTS)
# Java VM: OpenJDK 64-Bit Server VM Temurin-21.0.6+7 (21.0.6+7-LTS, mixed mode, sharing, tiered, compressed oops, compressed class ptrs, parallel gc, windows-amd64)
GC Precious Log:
 CardTable entry size: 512
 CPUs: 4 total, 4 available
 Memory: 16264M
 Large Page Support: Disabled
 NUMA Support: Disabled
 Compressed Oops: Enabled (32-bit)
 Alignments: Space 512K, Generation 512K, Heap 2M
 Heap Min Capacity: 100M
 Heap Initial Capacity: 100M
 Heap Max Capacity: 1G
 Pre-touch: Disabled
 Parallel Workers: 4
Heap:
 PSYoungGen      total 19968K, used 10832K [0x00000000eab00000, 0x00000000ec180000, 0x0000000100000000)
  eden space 18432K, 53% used [0x00000000eab00000,0x00000000eb48c7d8,0x00000000ebd00000)
  from space 1536K, 68% used [0x00000000ec000000,0x00000000ec107a70,0x00000000ec180000)
  to   space 2048K, 0% used [0x00000000ebd80000,0x00000000ebd80000,0x00000000ebf80000)
 ParOldGen       total 68608K, used 56588K [0x00000000c0000000, 0x00000000c4300000, 0x00000000eab00000)
  object space 68608K, 82% used [0x00000000c0000000,0x00000000c37430a8,0x00000000c4300000)
 Metaspace       used 68292K, committed 69760K, reserved 1114112K
  class space    used 7173K, committed 7744K, reserved 1048576K
GC Heap History (20 events):
Event: 96.899 GC heap before
{Heap before GC invocations=38 (full 3):
 PSYoungGen      total 23040K, used 22624K [0x00000000eab00000, 0x00000000ec400000, 0x0000000100000000)
  eden space 20480K, 100% used [0x00000000eab00000,0x00000000ebf00000,0x00000000ebf00000)
  from space 2560K, 83% used [0x00000000ec180000,0x00000000ec398010,0x00000000ec400000)
  to   space 2560K, 0% used [0x00000000ebf00000,0x00000000ebf00000,0x00000000ec180000)
 ParOldGen       total 68608K, used 41911K [0x00000000c0000000, 0x00000000c4300000, 0x00000000eab00000)
  object space 68608K, 61% used [0x00000000c0000000,0x00000000c28edee0,0x00000000c4300000)
 Metaspace       used 58740K, committed 60096K, reserved 1114112K
  class space    used 6194K, committed 6784K, reserved 1048576K
}
Event: 96.905 GC heap after
{Heap after GC invocations=38 (full 3):
 PSYoungGen      total 23040K, used 2264K [0x00000000eab00000, 0x00000000ec400000, 0x0000000100000000)
  eden space 20480K, 0% used [0x00000000eab00000,0x00000000eab00000,0x00000000ebf00000)
  from space 2560K, 88% used [0x00000000ebf00000,0x00000000ec136210,0x00000000ec180000)
  to   space 2560K, 0% used [0x00000000ec180000,0x00000000ec180000,0x00000000ec400000)
 ParOldGen       total 68608K, used 43943K [0x00000000c0000000, 0x00000000c4300000, 0x00000000eab00000)
  object space 68608K, 64% used [0x00000000c0000000,0x00000000c2ae9ee0,0x00000000c4300000)
 Metaspace       used 58740K, committed 60096K, reserved 1114112K
  class space    used 6194K, committed 6784K, reserved 1048576K
}
Event: 97.205 GC heap before
{Heap before GC invocations=39 (full 3):
 PSYoungGen      total 23040K, used 22744K [0x00000000eab00000, 0x00000000ec400000, 0x0000000100000000)
  eden space 20480K, 100% used [0x00000000eab00000,0x00000000ebf00000,0x00000000ebf00000)
  from space 2560K, 88% used [0x00000000ebf00000,0x00000000ec136210,0x00000000ec180000)
  to   space 2560K, 0% used [0x00000000ec180000,0x00000000ec180000,0x00000000ec400000)
 ParOldGen       total 68608K, used 43943K [0x00000000c0000000, 0x00000000c4300000, 0x00000000eab00000)
  object space 68608K, 64% used [0x00000000c0000000,0x00000000c2ae9ee0,0x00000000c4300000)
 Metaspace       used 58943K, committed 60224K, reserved 1114112K
  class space    used 6210K, committed 6784K, reserved 1048576K
}
Event: 97.212 GC heap after
{Heap after GC invocations=39 (full 3):
 PSYoungGen      total 21504K, used 992K [0x00000000eab00000, 0x00000000ec280000, 0x0000000100000000)
  eden space 20480K, 0% used [0x00000000eab00000,0x00000000eab00000,0x00000000ebf00000)
  from space 1024K, 96% used [0x00000000ec180000,0x00000000ec278000,0x00000000ec280000)
  to   space 1536K, 0% used [0x00000000ebf80000,0x00000000ebf80000,0x00000000ec100000)
 ParOldGen       total 68608K, used 46152K [0x00000000c0000000, 0x00000000c4300000, 0x00000000eab00000)
  object space 68608K, 67% used [0x00000000c0000000,0x00000000c2d120f0,0x00000000c4300000)
 Metaspace       used 58943K, committed 60224K, reserved 1114112K
  class space    used 6210K, committed 6784K, reserved 1048576K
}
Event: 98.664 GC heap before
{Heap before GC invocations=40 (full 3):
 PSYoungGen      total 21504K, used 21452K [0x00000000eab00000, 0x00000000ec280000, 0x0000000100000000)
  eden space 20480K, 99% used [0x00000000eab00000,0x00000000ebefb3e0,0x00000000ebf00000)
  from space 1024K, 96% used [0x00000000ec180000,0x00000000ec278000,0x00000000ec280000)
  to   space 1536K, 0% used [0x00000000ebf80000,0x00000000ebf80000,0x00000000ec100000)
 ParOldGen       total 68608K, used 46152K [0x00000000c0000000, 0x00000000c4300000, 0x00000000eab00000)
  object space 68608K, 67% used [0x00000000c0000000,0x00000000c2d120f0,0x00000000c4300000)
 Metaspace       used 60337K, committed 61760K, reserved 1114112K
  class space    used 6376K, committed 6976K, reserved 1048576K
}
Event: 98.669 GC heap after
{Heap after GC invocations=40 (full 3):
 PSYoungGen      total 22016K, used 1508K [0x00000000eab00000, 0x00000000ec600000, 0x0000000100000000)
  eden space 20480K, 0% used [0x00000000eab00000,0x00000000eab00000,0x00000000ebf00000)
  from space 1536K, 98% used [0x00000000ebf80000,0x00000000ec0f93a0,0x00000000ec100000)
  to   space 3584K, 0% used [0x00000000ec280000,0x00000000ec280000,0x00000000ec600000)
 ParOldGen       total 68608K, used 47448K [0x00000000c0000000, 0x00000000c4300000, 0x00000000eab00000)
  object space 68608K, 69% used [0x00000000c0000000,0x00000000c2e56120,0x00000000c4300000)
 Metaspace       used 60337K, committed 61760K, reserved 1114112K
  class space    used 6376K, committed 6976K, reserved 1048576K
}
Event: 101.328 GC heap before
{Heap before GC invocations=41 (full 3):
 PSYoungGen      total 22016K, used 21957K [0x00000000eab00000, 0x00000000ec600000, 0x0000000100000000)
  eden space 20480K, 99% used [0x00000000eab00000,0x00000000ebef83b8,0x00000000ebf00000)
  from space 1536K, 98% used [0x00000000ebf80000,0x00000000ec0f93a0,0x00000000ec100000)
  to   space 3584K, 0% used [0x00000000ec280000,0x00000000ec280000,0x00000000ec600000)
 ParOldGen       total 68608K, used 47448K [0x00000000c0000000, 0x00000000c4300000, 0x00000000eab00000)
  object space 68608K, 69% used [0x00000000c0000000,0x00000000c2e56120,0x00000000c4300000)
 Metaspace       used 61364K, committed 62720K, reserved 1114112K
  class space    used 6498K, committed 7104K, reserved 1048576K
}
Event: 101.331 GC heap after
{Heap after GC invocations=41 (full 3):
 PSYoungGen      total 20992K, used 480K [0x00000000eab00000, 0x00000000ec300000, 0x0000000100000000)
  eden space 20480K, 0% used [0x00000000eab00000,0x00000000eab00000,0x00000000ebf00000)
  from space 512K, 93% used [0x00000000ec280000,0x00000000ec2f8000,0x00000000ec300000)
  to   space 1536K, 0% used [0x00000000ec000000,0x00000000ec000000,0x00000000ec180000)
 ParOldGen       total 68608K, used 48905K [0x00000000c0000000, 0x00000000c4300000, 0x00000000eab00000)
  object space 68608K, 71% used [0x00000000c0000000,0x00000000c2fc2790,0x00000000c4300000)
 Metaspace       used 61364K, committed 62720K, reserved 1114112K
  class space    used 6498K, committed 7104K, reserved 1048576K
}
Event: 101.872 GC heap before
{Heap before GC invocations=42 (full 3):
 PSYoungGen      total 20992K, used 20827K [0x00000000eab00000, 0x00000000ec300000, 0x0000000100000000)
  eden space 20480K, 99% used [0x00000000eab00000,0x00000000ebedeea0,0x00000000ebf00000)
  from space 512K, 93% used [0x00000000ec280000,0x00000000ec2f8000,0x00000000ec300000)
  to   space 1536K, 0% used [0x00000000ec000000,0x00000000ec000000,0x00000000ec180000)
 ParOldGen       total 68608K, used 48905K [0x00000000c0000000, 0x00000000c4300000, 0x00000000eab00000)
  object space 68608K, 71% used [0x00000000c0000000,0x00000000c2fc2790,0x00000000c4300000)
 Metaspace       used 63364K, committed 64768K, reserved 1114112K
  class space    used 6692K, committed 7296K, reserved 1048576K
}
Event: 101.876 GC heap after
{Heap after GC invocations=42 (full 3):
 PSYoungGen      total 22016K, used 1526K [0x00000000eab00000, 0x00000000ec400000, 0x0000000100000000)
  eden space 20480K, 0% used [0x00000000eab00000,0x00000000eab00000,0x00000000ebf00000)
  from space 1536K, 99% used [0x00000000ec000000,0x00000000ec17da50,0x00000000ec180000)
  to   space 2560K, 0% used [0x00000000ec180000,0x00000000ec180000,0x00000000ec400000)
 ParOldGen       total 68608K, used 49570K [0x00000000c0000000, 0x00000000c4300000, 0x00000000eab00000)
  object space 68608K, 72% used [0x00000000c0000000,0x00000000c3068ba8,0x00000000c4300000)
 Metaspace       used 63364K, committed 64768K, reserved 1114112K
  class space    used 6692K, committed 7296K, reserved 1048576K
}
Event: 102.177 GC heap before
{Heap before GC invocations=43 (full 3):
 PSYoungGen      total 22016K, used 22006K [0x00000000eab00000, 0x00000000ec400000, 0x0000000100000000)
  eden space 20480K, 100% used [0x00000000eab00000,0x00000000ebf00000,0x00000000ebf00000)
  from space 1536K, 99% used [0x00000000ec000000,0x00000000ec17da50,0x00000000ec180000)
  to   space 2560K, 0% used [0x00000000ec180000,0x00000000ec180000,0x00000000ec400000)
 ParOldGen       total 68608K, used 49570K [0x00000000c0000000, 0x00000000c4300000, 0x00000000eab00000)
  object space 68608K, 72% used [0x00000000c0000000,0x00000000c3068ba8,0x00000000c4300000)
 Metaspace       used 64350K, committed 65792K, reserved 1114112K
  class space    used 6769K, committed 7360K, reserved 1048576K
}
Event: 102.187 GC heap after
{Heap after GC invocations=43 (full 3):
 PSYoungGen      total 22016K, used 1326K [0x00000000eab00000, 0x00000000ec300000, 0x0000000100000000)
  eden space 20480K, 0% used [0x00000000eab00000,0x00000000eab00000,0x00000000ebf00000)
  from space 1536K, 86% used [0x00000000ec180000,0x00000000ec2cb9b0,0x00000000ec300000)
  to   space 2048K, 0% used [0x00000000ebf00000,0x00000000ebf00000,0x00000000ec100000)
 ParOldGen       total 68608K, used 50994K [0x00000000c0000000, 0x00000000c4300000, 0x00000000eab00000)
  object space 68608K, 74% used [0x00000000c0000000,0x00000000c31cc918,0x00000000c4300000)
 Metaspace       used 64350K, committed 65792K, reserved 1114112K
  class space    used 6769K, committed 7360K, reserved 1048576K
}
Event: 102.410 GC heap before
{Heap before GC invocations=44 (full 3):
 PSYoungGen      total 22016K, used 21806K [0x00000000eab00000, 0x00000000ec300000, 0x0000000100000000)
  eden space 20480K, 99% used [0x00000000eab00000,0x00000000ebefff48,0x00000000ebf00000)
  from space 1536K, 86% used [0x00000000ec180000,0x00000000ec2cb9b0,0x00000000ec300000)
  to   space 2048K, 0% used [0x00000000ebf00000,0x00000000ebf00000,0x00000000ec100000)
 ParOldGen       total 68608K, used 50994K [0x00000000c0000000, 0x00000000c4300000, 0x00000000eab00000)
  object space 68608K, 74% used [0x00000000c0000000,0x00000000c31cc918,0x00000000c4300000)
 Metaspace       used 64510K, committed 65920K, reserved 1114112K
  class space    used 6775K, committed 7360K, reserved 1048576K
}
Event: 102.412 GC heap after
{Heap after GC invocations=44 (full 3):
 PSYoungGen      total 21504K, used 874K [0x00000000eab00000, 0x00000000ec200000, 0x0000000100000000)
  eden space 20480K, 0% used [0x00000000eab00000,0x00000000eab00000,0x00000000ebf00000)
  from space 1024K, 85% used [0x00000000ebf00000,0x00000000ebfdaa98,0x00000000ec000000)
  to   space 1536K, 0% used [0x00000000ec080000,0x00000000ec080000,0x00000000ec200000)
 ParOldGen       total 68608K, used 51411K [0x00000000c0000000, 0x00000000c4300000, 0x00000000eab00000)
  object space 68608K, 74% used [0x00000000c0000000,0x00000000c3234cc0,0x00000000c4300000)
 Metaspace       used 64510K, committed 65920K, reserved 1114112K
  class space    used 6775K, committed 7360K, reserved 1048576K
}
Event: 103.173 GC heap before
{Heap before GC invocations=45 (full 3):
 PSYoungGen      total 21504K, used 21354K [0x00000000eab00000, 0x00000000ec200000, 0x0000000100000000)
  eden space 20480K, 100% used [0x00000000eab00000,0x00000000ebf00000,0x00000000ebf00000)
  from space 1024K, 85% used [0x00000000ebf00000,0x00000000ebfdaa98,0x00000000ec000000)
  to   space 1536K, 0% used [0x00000000ec080000,0x00000000ec080000,0x00000000ec200000)
 ParOldGen       total 68608K, used 51411K [0x00000000c0000000, 0x00000000c4300000, 0x00000000eab00000)
  object space 68608K, 74% used [0x00000000c0000000,0x00000000c3234cc0,0x00000000c4300000)
 Metaspace       used 66157K, committed 67584K, reserved 1114112K
  class space    used 6928K, committed 7552K, reserved 1048576K
}
Event: 103.176 GC heap after
{Heap after GC invocations=45 (full 3):
 PSYoungGen      total 19968K, used 1524K [0x00000000eab00000, 0x00000000ec600000, 0x0000000100000000)
  eden space 18432K, 0% used [0x00000000eab00000,0x00000000eab00000,0x00000000ebd00000)
  from space 1536K, 99% used [0x00000000ec080000,0x00000000ec1fd270,0x00000000ec200000)
  to   space 3584K, 0% used [0x00000000ebd00000,0x00000000ebd00000,0x00000000ec080000)
 ParOldGen       total 68608K, used 52971K [0x00000000c0000000, 0x00000000c4300000, 0x00000000eab00000)
  object space 68608K, 77% used [0x00000000c0000000,0x00000000c33baf28,0x00000000c4300000)
 Metaspace       used 66157K, committed 67584K, reserved 1114112K
  class space    used 6928K, committed 7552K, reserved 1048576K
}
Event: 103.948 GC heap before
{Heap before GC invocations=46 (full 3):
 PSYoungGen      total 19968K, used 19956K [0x00000000eab00000, 0x00000000ec600000, 0x0000000100000000)
  eden space 18432K, 100% used [0x00000000eab00000,0x00000000ebd00000,0x00000000ebd00000)
  from space 1536K, 99% used [0x00000000ec080000,0x00000000ec1fd270,0x00000000ec200000)
  to   space 3584K, 0% used [0x00000000ebd00000,0x00000000ebd00000,0x00000000ec080000)
 ParOldGen       total 68608K, used 52971K [0x00000000c0000000, 0x00000000c4300000, 0x00000000eab00000)
  object space 68608K, 77% used [0x00000000c0000000,0x00000000c33baf28,0x00000000c4300000)
 Metaspace       used 67126K, committed 68480K, reserved 1114112K
  class space    used 7057K, committed 7616K, reserved 1048576K
}
Event: 103.953 GC heap after
{Heap after GC invocations=46 (full 3):
 PSYoungGen      total 20992K, used 2491K [0x00000000eab00000, 0x00000000ec300000, 0x0000000100000000)
  eden space 18432K, 0% used [0x00000000eab00000,0x00000000eab00000,0x00000000ebd00000)
  from space 2560K, 97% used [0x00000000ebd00000,0x00000000ebf6ee80,0x00000000ebf80000)
  to   space 3072K, 0% used [0x00000000ec000000,0x00000000ec000000,0x00000000ec300000)
 ParOldGen       total 68608K, used 54449K [0x00000000c0000000, 0x00000000c4300000, 0x00000000eab00000)
  object space 68608K, 79% used [0x00000000c0000000,0x00000000c352c7b8,0x00000000c4300000)
 Metaspace       used 67126K, committed 68480K, reserved 1114112K
  class space    used 7057K, committed 7616K, reserved 1048576K
}
Event: 104.539 GC heap before
{Heap before GC invocations=47 (full 3):
 PSYoungGen      total 20992K, used 20923K [0x00000000eab00000, 0x00000000ec300000, 0x0000000100000000)
  eden space 18432K, 100% used [0x00000000eab00000,0x00000000ebd00000,0x00000000ebd00000)
  from space 2560K, 97% used [0x00000000ebd00000,0x00000000ebf6ee80,0x00000000ebf80000)
  to   space 3072K, 0% used [0x00000000ec000000,0x00000000ec000000,0x00000000ec300000)
 ParOldGen       total 68608K, used 54449K [0x00000000c0000000, 0x00000000c4300000, 0x00000000eab00000)
  object space 68608K, 79% used [0x00000000c0000000,0x00000000c352c7b8,0x00000000c4300000)
 Metaspace       used 67928K, committed 69376K, reserved 1114112K
  class space    used 7139K, committed 7744K, reserved 1048576K
}
Event: 104.546 GC heap after
{Heap after GC invocations=47 (full 3):
 PSYoungGen      total 19968K, used 1054K [0x00000000eab00000, 0x00000000ec180000, 0x0000000100000000)
  eden space 18432K, 0% used [0x00000000eab00000,0x00000000eab00000,0x00000000ebd00000)
  from space 1536K, 68% used [0x00000000ec000000,0x00000000ec107a70,0x00000000ec180000)
  to   space 2048K, 0% used [0x00000000ebd80000,0x00000000ebd80000,0x00000000ebf80000)
 ParOldGen       total 68608K, used 56588K [0x00000000c0000000, 0x00000000c4300000, 0x00000000eab00000)
  object space 68608K, 82% used [0x00000000c0000000,0x00000000c37430a8,0x00000000c4300000)
 Metaspace       used 67928K, committed 69376K, reserved 1114112K
  class space    used 7139K, committed 7744K, reserved 1048576K
}

